# JRE version: Java(TM) SE Runtime Environment (8.0_92-b14) (build 1.8.0_92-b14)
# Java VM: Java HotSpot(TM) 64-Bit Server VM (25.92-b14 mixed mode windows-amd64 compressed oops)
Heap:
 PSYoungGen      total 178688K, used 125478K [0x00000000d5e00000, 0x00000000e4780000, 0x0000000100000000)
  eden space 162816K, 67% used [0x00000000d5e00000,0x00000000dc90bfd8,0x00000000dfd00000)
  from space 15872K, 99% used [0x00000000dfd00000,0x00000000e0c7dac8,0x00000000e0c80000)
  to   space 18944K, 0% used [0x00000000e3500000,0x00000000e3500000,0x00000000e4780000)
 ParOldGen       total 98304K, used 23022K [0x0000000081a00000, 0x0000000087a00000, 0x00000000d5e00000)
  object space 98304K, 23% used [0x0000000081a00000,0x000000008307b820,0x0000000087a00000)
 Metaspace       used 55393K, capacity 58098K, committed 58280K, reserved 1099776K
  class space    used 7603K, capacity 8087K, committed 8104K, reserved 1048576K
GC Heap History (10 events):
Event: 1.675 GC heap before
{Heap before GC invocations=7 (full 1):
 PSYoungGen      total 71680K, used 66509K [0x00000000d5e00000, 0x00000000df100000, 0x0000000100000000)
  eden space 66560K, 99% used [0x00000000d5e00000,0x00000000d9ef3640,0x00000000d9f00000)
  from space 5120K, 0% used [0x00000000d9f00000,0x00000000d9f00000,0x00000000da400000)
  to   space 8704K, 0% used [0x00000000de880000,0x00000000de880000,0x00000000df100000)
 ParOldGen       total 54272K, used 5454K [0x0000000081a00000, 0x0000000084f00000, 0x00000000d5e00000)
  object space 54272K, 10% used [0x0000000081a00000,0x0000000081f53b48,0x0000000084f00000)
 Metaspace       used 22056K, capacity 22756K, committed 22912K, reserved 1069056K
  class space    used 2911K, capacity 3078K, committed 3200K, reserved 1048576K
Event: 1.678 GC heap after
Heap after GC invocations=7 (full 1):
 PSYoungGen      total 111104K, used 3977K [0x00000000d5e00000, 0x00000000dec80000, 0x0000000100000000)
  eden space 107008K, 0% used [0x00000000d5e00000,0x00000000d5e00000,0x00000000dc680000)
  from space 4096K, 97% used [0x00000000de880000,0x00000000dec627b0,0x00000000dec80000)
  to   space 8704K, 0% used [0x00000000ddb80000,0x00000000ddb80000,0x00000000de400000)
 ParOldGen       total 54272K, used 5462K [0x0000000081a00000, 0x0000000084f00000, 0x00000000d5e00000)
  object space 54272K, 10% used [0x0000000081a00000,0x0000000081f55b48,0x0000000084f00000)
 Metaspace       used 22056K, capacity 22756K, committed 22912K, reserved 1069056K
  class space    used 2911K, capacity 3078K, committed 3200K, reserved 1048576K
}
Event: 2.576 GC heap before
{Heap before GC invocations=8 (full 1):
 PSYoungGen      total 111104K, used 110985K [0x00000000d5e00000, 0x00000000dec80000, 0x0000000100000000)
  eden space 107008K, 100% used [0x00000000d5e00000,0x00000000dc680000,0x00000000dc680000)
  from space 4096K, 97% used [0x00000000de880000,0x00000000dec627b0,0x00000000dec80000)
  to   space 8704K, 0% used [0x00000000ddb80000,0x00000000ddb80000,0x00000000de400000)
 ParOldGen       total 54272K, used 5462K [0x0000000081a00000, 0x0000000084f00000, 0x00000000d5e00000)
  object space 54272K, 10% used [0x0000000081a00000,0x0000000081f55b48,0x0000000084f00000)
 Metaspace       used 27498K, capacity 28988K, committed 29184K, reserved 1075200K
  class space    used 3747K, capacity 4066K, committed 4096K, reserved 1048576K
Event: 2.585 GC heap after
Heap after GC invocations=8 (full 1):
 PSYoungGen      total 137216K, used 8693K [0x00000000d5e00000, 0x00000000e1780000, 0x0000000100000000)
  eden space 128512K, 0% used [0x00000000d5e00000,0x00000000d5e00000,0x00000000ddb80000)
  from space 8704K, 99% used [0x00000000ddb80000,0x00000000de3fd540,0x00000000de400000)
  to   space 11264K, 0% used [0x00000000e0c80000,0x00000000e0c80000,0x00000000e1780000)
 ParOldGen       total 54272K, used 7934K [0x0000000081a00000, 0x0000000084f00000, 0x00000000d5e00000)
  object space 54272K, 14% used [0x0000000081a00000,0x00000000821bfa10,0x0000000084f00000)
 Metaspace       used 27498K, capacity 28988K, committed 29184K, reserved 1075200K
  class space    used 3747K, capacity 4066K, committed 4096K, reserved 1048576K
}
Event: 3.188 GC heap before
{Heap before GC invocations=9 (full 1):
 PSYoungGen      total 137216K, used 131196K [0x00000000d5e00000, 0x00000000e1780000, 0x0000000100000000)
  eden space 128512K, 95% used [0x00000000d5e00000,0x00000000dd5a1c18,0x00000000ddb80000)
  from space 8704K, 99% used [0x00000000ddb80000,0x00000000de3fd540,0x00000000de400000)
  to   space 11264K, 0% used [0x00000000e0c80000,0x00000000e0c80000,0x00000000e1780000)
 ParOldGen       total 54272K, used 7934K [0x0000000081a00000, 0x0000000084f00000, 0x00000000d5e00000)
  object space 54272K, 14% used [0x0000000081a00000,0x00000000821bfa10,0x0000000084f00000)
 Metaspace       used 33828K, capacity 35444K, committed 35496K, reserved 1079296K
  class space    used 4425K, capacity 4762K, committed 4776K, reserved 1048576K
Event: 3.200 GC heap after
Heap after GC invocations=9 (full 1):
 PSYoungGen      total 174080K, used 11256K [0x00000000d5e00000, 0x00000000e3f00000, 0x0000000100000000)
  eden space 162816K, 0% used [0x00000000d5e00000,0x00000000d5e00000,0x00000000dfd00000)
  from space 11264K, 99% used [0x00000000e0c80000,0x00000000e177e1f8,0x00000000e1780000)
  to   space 15872K, 0% used [0x00000000dfd00000,0x00000000dfd00000,0x00000000e0c80000)
 ParOldGen       total 54272K, used 14188K [0x0000000081a00000, 0x0000000084f00000, 0x00000000d5e00000)
  object space 54272K, 26% used [0x0000000081a00000,0x00000000827db178,0x0000000084f00000)
 Metaspace       used 33828K, capacity 35444K, committed 35496K, reserved 1079296K
  class space    used 4425K, capacity 4762K, committed 4776K, reserved 1048576K
}
Event: 3.200 GC heap before
{Heap before GC invocations=10 (full 2):
 PSYoungGen      total 174080K, used 11256K [0x00000000d5e00000, 0x00000000e3f00000, 0x0000000100000000)
  eden space 162816K, 0% used [0x00000000d5e00000,0x00000000d5e00000,0x00000000dfd00000)
  from space 11264K, 99% used [0x00000000e0c80000,0x00000000e177e1f8,0x00000000e1780000)
  to   space 15872K, 0% used [0x00000000dfd00000,0x00000000dfd00000,0x00000000e0c80000)
 ParOldGen       total 54272K, used 14188K [0x0000000081a00000, 0x0000000084f00000, 0x00000000d5e00000)
  object space 54272K, 26% used [0x0000000081a00000,0x00000000827db178,0x0000000084f00000)
 Metaspace       used 33828K, capacity 35444K, committed 35496K, reserved 1079296K
  class space    used 4425K, capacity 4762K, committed 4776K, reserved 1048576K
Event: 3.280 GC heap after
Heap after GC invocations=10 (full 2):
 PSYoungGen      total 174080K, used 0K [0x00000000d5e00000, 0x00000000e3f00000, 0x0000000100000000)
  eden space 162816K, 0% used [0x00000000d5e00000,0x00000000d5e00000,0x00000000dfd00000)
  from space 11264K, 0% used [0x00000000e0c80000,0x00000000e0c80000,0x00000000e1780000)
  to   space 15872K, 0% used [0x00000000dfd00000,0x00000000dfd00000,0x00000000e0c80000)
 ParOldGen       total 98304K, used 21722K [0x0000000081a00000, 0x0000000087a00000, 0x00000000d5e00000)
  object space 98304K, 22% used [0x0000000081a00000,0x0000000082f36bf8,0x0000000087a00000)
 Metaspace       used 33828K, capacity 35444K, committed 35496K, reserved 1079296K
  class space    used 4425K, capacity 4762K, committed 4776K, reserved 1048576K
}
Event: 4.755 GC heap before
{Heap before GC invocations=11 (full 2):
 PSYoungGen      total 174080K, used 162816K [0x00000000d5e00000, 0x00000000e3f00000, 0x0000000100000000)
  eden space 162816K, 100% used [0x00000000d5e00000,0x00000000dfd00000,0x00000000dfd00000)
  from space 11264K, 0% used [0x00000000e0c80000,0x00000000e0c80000,0x00000000e1780000)
  to   space 15872K, 0% used [0x00000000dfd00000,0x00000000dfd00000,0x00000000e0c80000)
 ParOldGen       total 98304K, used 21722K [0x0000000081a00000, 0x0000000087a00000, 0x00000000d5e00000)
  object space 98304K, 22% used [0x0000000081a00000,0x0000000082f36bf8,0x0000000087a00000)
 Metaspace       used 48752K, capacity 50866K, committed 50984K, reserved 1093632K
  class space    used 6737K, capacity 7121K, committed 7208K, reserved 1048576K
Event: 4.768 GC heap after
Heap after GC invocations=11 (full 2):
 PSYoungGen      total 178688K, used 15862K [0x00000000d5e00000, 0x00000000e4780000, 0x0000000100000000)
  eden space 162816K, 0% used [0x00000000d5e00000,0x00000000d5e00000,0x00000000dfd00000)
  from space 15872K, 99% used [0x00000000dfd00000,0x00000000e0c7dac8,0x00000000e0c80000)
  to   space 18944K, 0% used [0x00000000e3500000,0x00000000e3500000,0x00000000e4780000)
 ParOldGen       total 98304K, used 23022K [0x0000000081a00000, 0x0000000087a00000, 0x00000000d5e00000)
  object space 98304K, 23% used [0x0000000081a00000,0x000000008307b820,0x0000000087a00000)
 Metaspace       used 48752K, capacity 50866K, committed 50984K, reserved 1093632K
  class space    used 6737K, capacity 7121K, committed 7208K, reserved 1048576K
}

